platforms/android/manifest-merger-release-report.txt
-- Merging decision tree log ---
manifest
ADDED from AndroidManifest.xml:2:1
	android:hardwareAccelerated
		ADDED from AndroidManifest.xml:2:11
	xmlns:android
		ADDED from AndroidManifest.xml:2:130
	package
		ADDED from AndroidManifest.xml:2:98
	android:versionName
		ADDED from AndroidManifest.xml:2:70
	android:versionCode
		ADDED from AndroidManifest.xml:2:46
		INJECTED from AndroidManifest.xml:0:0
		INJECTED from AndroidManifest.xml:0:0
supports-screens
ADDED from AndroidManifest.xml:3:5
	android:resizeable
		ADDED from AndroidManifest.xml:3:106
	android:largeScreens
		ADDED from AndroidManifest.xml:3:49
	android:anyDensity
		ADDED from AndroidManifest.xml:3:23
	android:normalScreens
		ADDED from AndroidManifest.xml:3:77
	android:xlargeScreens
		ADDED from AndroidManifest.xml:3:160
	android:smallScreens
		ADDED from AndroidManifest.xml:3:132
uses-permission#android.permission.INTERNET
ADDED from AndroidManifest.xml:4:5
	android:name
		ADDED from AndroidManifest.xml:4:22
application
ADDED from AndroidManifest.xml:5:5
	android:supportsRtl
		ADDED from AndroidManifest.xml:5:116
	android:label
		ADDED from AndroidManifest.xml:5:83
	android:icon
		ADDED from AndroidManifest.xml:5:53
	android:hardwareAccelerated
		ADDED from AndroidManifest.xml:5:18
activity#com.dagrinchi.femiapp.MainActivity
ADDED from AndroidManifest.xml:6:9
	android:windowSoftInputMode
		ADDED from AndroidManifest.xml:6:248
	android:label
		ADDED from AndroidManifest.xml:6:97
	android:configChanges
		ADDED from AndroidManifest.xml:6:19
	android:theme
		ADDED from AndroidManifest.xml:6:194
	android:name
		ADDED from AndroidManifest.xml:6:166
	android:launchMode
		ADDED from AndroidManifest.xml:6:135
intent-filter#android.intent.action.MAIN+android.intent.category.LAUNCHER
ADDED from AndroidManifest.xml:7:13
	android:label
		ADDED from AndroidManifest.xml:7:28
action#android.intent.action.MAIN
ADDED from AndroidManifest.xml:8:17
	android:name
		ADDED from AndroidManifest.xml:8:25
category#android.intent.category.LAUNCHER
ADDED from AndroidManifest.xml:9:17
	android:name
		ADDED from AndroidManifest.xml:9:27
receiver#de.appplant.cordova.plugin.localnotification.Receiver
ADDED from AndroidManifest.xml:12:9
	android:name
		ADDED from AndroidManifest.xml:12:19
receiver#de.appplant.cordova.plugin.localnotification.Restore
ADDED from AndroidManifest.xml:13:9
	android:name
		ADDED from AndroidManifest.xml:13:19
intent-filter#android.intent.action.BOOT_COMPLETED
ADDED from AndroidManifest.xml:14:13
action#android.intent.action.BOOT_COMPLETED
ADDED from AndroidManifest.xml:15:17
	android:name
		ADDED from AndroidManifest.xml:15:25
activity#de.appplant.cordova.plugin.localnotification.ReceiverActivity
ADDED from AndroidManifest.xml:18:9
	android:name
		ADDED from AndroidManifest.xml:18:55
	android:launchMode
		ADDED from AndroidManifest.xml:18:19
uses-sdk
ADDED from AndroidManifest.xml:20:5
MERGED from android:CordovaLib:unspecified:release:25:5
	android:targetSdkVersion
		ADDED from AndroidManifest.xml:20:42
	android:minSdkVersion
		ADDED from AndroidManifest.xml:20:15
uses-permission#android.permission.ACCESS_NETWORK_STATE
ADDED from AndroidManifest.xml:21:5
	android:name
		ADDED from AndroidManifest.xml:21:22
uses-permission#android.permission.RECEIVE_BOOT_COMPLETED
ADDED from AndroidManifest.xml:22:5
	android:name
		ADDED from AndroidManifest.xml:22:22
uses-permission#android.permission.VIBRATE
ADDED from AndroidManifest.xml:23:5
	android:name
		ADDED from AndroidManifest.xml:23:22